<?xml version="1.0" encoding="UTF-8"?>
<testsuite name="RentingTest" tests="1" skipped="0" failures="0" errors="0" timestamp="2022-12-04T07:08:54" hostname="zs-MacBook-Pro.local" time="0.071">
  <properties/>
  <testcase name="should_generate_statement_correctly()" classname="RentingTest" time="0.071"/>
  <system-out><![CDATA[]]></system-out>
  <system-err><![CDATA[]]></system-err>
</testsuite>
